Using pre-set license
Built from '2020.3/staging' branch; Version is '2020.3.18f1 (a7d1c678663c) revision 10998214'; Using compiler version '192528614'; Build Type 'Release'
OS: 'Windows 10 Home; OS build 19043.1586; Version 2009; 64bit' Language: 'en' Physical Memory: 131014 MB
BatchMode: 1, IsHumanControllingUs: 0, StartBugReporterOnCrash: 0, Is64bit: 1, IsPro: 0

COMMAND LINE ARGUMENTS:
C:\Program Files\Unity\Hub\Editor\2020.3.18f1\Editor\Unity.exe
-adb2
-batchMode
-noUpm
-name
AssetImportWorker0
-projectPath
D:/SPRING/Studio/Matt_edits/Align Script
-logFile
Logs/AssetImportWorker0.log
-srvPort
50342
Successfully changed project path to: D:/SPRING/Studio/Matt_edits/Align Script
D:/SPRING/Studio/Matt_edits/Align Script
Using Asset Import Pipeline V2.
Refreshing native plugins compatible for Editor in 18.76 ms, found 2 plugins.
Preloading 0 native plugins for Editor in 0.00 ms.
Initialize engine version: 2020.3.18f1 (a7d1c678663c)
[Subsystems] Discovering subsystems at path C:/Program Files/Unity/Hub/Editor/2020.3.18f1/Editor/Data/Resources/UnitySubsystems
[Subsystems] Discovering subsystems at path D:/SPRING/Studio/Matt_edits/Align Script/Assets
GfxDevice: creating device client; threaded=0
Direct3D:
    Version:  Direct3D 11.0 [level 11.1]
    Renderer: NVIDIA GeForce RTX 3060 (ID=0x2503)
    Vendor:   
    VRAM:     12143 MB
    Driver:   30.0.14.7168
Initialize mono
Mono path[0] = 'C:/Program Files/Unity/Hub/Editor/2020.3.18f1/Editor/Data/Managed'
Mono path[1] = 'C:/Program Files/Unity/Hub/Editor/2020.3.18f1/Editor/Data/MonoBleedingEdge/lib/mono/unityjit'
Mono config path = 'C:/Program Files/Unity/Hub/Editor/2020.3.18f1/Editor/Data/MonoBleedingEdge/etc'
Using monoOptions --debugger-agent=transport=dt_socket,embedding=1,server=y,suspend=n,address=127.0.0.1:56496
Begin MonoManager ReloadAssembly
Registering precompiled unity dll's ...
Register platform support module: C:/Program Files/Unity/Hub/Editor/2020.3.18f1/Editor/Data/PlaybackEngines/WindowsStandaloneSupport/UnityEditor.WindowsStandalone.Extensions.dll
Registered in 0.001488 seconds.
Native extension for WindowsStandalone target not found
Refreshing native plugins compatible for Editor in 20.31 ms, found 2 plugins.
Preloading 0 native plugins for Editor in 0.00 ms.
Mono: successfully reloaded assembly
- Completed reload, in  0.690 seconds
Domain Reload Profiling:
	ReloadAssembly (690ms)
		BeginReloadAssembly (38ms)
			ExecutionOrderSort (0ms)
			DisableScriptedObjects (0ms)
			BackupInstance (0ms)
			ReleaseScriptingObjects (0ms)
			CreateAndSetChildDomain (1ms)
		EndReloadAssembly (265ms)
			LoadAssemblies (36ms)
			RebuildTransferFunctionScriptingTraits (0ms)
			SetupTypeCache (94ms)
			ReleaseScriptCaches (0ms)
			RebuildScriptCaches (20ms)
			SetupLoadedEditorAssemblies (104ms)
				LogAssemblyErrors (0ms)
				InitializePlatformSupportModulesInManaged (3ms)
				SetLoadedEditorAssemblies (0ms)
				RefreshPlugins (20ms)
				BeforeProcessingInitializeOnLoad (11ms)
				ProcessInitializeOnLoadAttributes (52ms)
				ProcessInitializeOnLoadMethodAttributes (18ms)
				AfterProcessingInitializeOnLoad (0ms)
				EditorAssembliesLoaded (0ms)
			ExecutionOrderSort2 (0ms)
			AwakeInstancesAfterBackupRestoration (0ms)
Platform modules already initialized, skipping
Registering precompiled user dll's ...
Registered in 0.001544 seconds.
Begin MonoManager ReloadAssembly
Native extension for WindowsStandalone target not found
Refreshing native plugins compatible for Editor in 0.35 ms, found 2 plugins.
Preloading 0 native plugins for Editor in 0.00 ms.
Mono: successfully reloaded assembly
- Completed reload, in  0.647 seconds
Domain Reload Profiling:
	ReloadAssembly (648ms)
		BeginReloadAssembly (96ms)
			ExecutionOrderSort (0ms)
			DisableScriptedObjects (3ms)
			BackupInstance (0ms)
			ReleaseScriptingObjects (0ms)
			CreateAndSetChildDomain (18ms)
		EndReloadAssembly (511ms)
			LoadAssemblies (55ms)
			RebuildTransferFunctionScriptingTraits (0ms)
			SetupTypeCache (158ms)
			ReleaseScriptCaches (0ms)
			RebuildScriptCaches (27ms)
			SetupLoadedEditorAssemblies (212ms)
				LogAssemblyErrors (0ms)
				InitializePlatformSupportModulesInManaged (4ms)
				SetLoadedEditorAssemblies (0ms)
				RefreshPlugins (0ms)
				BeforeProcessingInitializeOnLoad (53ms)
				ProcessInitializeOnLoadAttributes (147ms)
				ProcessInitializeOnLoadMethodAttributes (3ms)
				AfterProcessingInitializeOnLoad (5ms)
				EditorAssembliesLoaded (0ms)
			ExecutionOrderSort2 (0ms)
			AwakeInstancesAfterBackupRestoration (4ms)
Platform modules already initialized, skipping
========================================================================
Worker process is ready to serve import requests
Launched and connected shader compiler UnityShaderCompiler.exe after 0.05 seconds
Refreshing native plugins compatible for Editor in 0.33 ms, found 2 plugins.
Preloading 0 native plugins for Editor in 0.00 ms.
Unloading 1396 Unused Serialized files (Serialized files now loaded: 0)
System memory in use before: 64.8 MB.
System memory in use after: 64.9 MB.

Unloading 16 unused Assets to reduce memory usage. Loaded Objects now: 1831.
Total: 2.412300 ms (FindLiveObjects: 0.186500 ms CreateObjectMapping: 0.051500 ms MarkObjects: 2.121600 ms  DeleteObjects: 0.051800 ms)

AssetImportParameters requested are different than current active one (requested -> active):
  custom:framework-win-MediaFoundation: 216162199b28c13a410421893ffa2e32 -> 
  custom:video-decoder-ogg-theora: a1e56fd34408186e4bbccfd4996cb3dc -> 
  custom:container-muxer-webm: aa71ff27fc2769a1b78a27578f13a17b -> 
  custom:container-demuxer-webm: 4f35f7cbe854078d1ac9338744f61a02 -> 
  custom:container-demuxer-ogg: 62fdf1f143b41e24485cea50d1cbac27 -> 
  custom:video-encoder-webm-vp8: eb34c28f22e8b96e1ab97ce403110664 -> 
  custom:video-codec-MediaFoundation-h265: e54d7ab0439102e2317fc1e4b246158d -> 
  custom:video-decoder-webm-vp8: 9c59270c3fd7afecdb556c50c9e8de78 -> 
  custom:audio-decoder-ogg-vorbis: bf7c407c2cedff20999df2af8eb42d56 -> 
  custom:audio-encoder-webm-vorbis: bf7c407c2cedff20999df2af8eb42d56 -> 
========================================================================
Received Import Request.
  path: Assets/Matt/INSTANTIATE.prefab
  artifactKey: Guid(f93ff1b87ac04c240a5ee8a6588199d3) Importer(815301076,1909f56bfc062723c751e8b465ee728b)
Start importing Assets/Matt/INSTANTIATE.prefab using Guid(f93ff1b87ac04c240a5ee8a6588199d3) Importer(815301076,1909f56bfc062723c751e8b465ee728b)  -> (artifact id: 'f44f56a1aeaa1693b970313acfad0d73') in 0.090597 seconds 
  Import took 0.103812 seconds .

========================================================================
Received Import Request.
  Time since last request: 0.000298 seconds.
  path: Assets/Matt/Object_16.prefab
  artifactKey: Guid(57b4e230e601b324bb600706e5c58e8b) Importer(815301076,1909f56bfc062723c751e8b465ee728b)
Start importing Assets/Matt/Object_16.prefab using Guid(57b4e230e601b324bb600706e5c58e8b) Importer(815301076,1909f56bfc062723c751e8b465ee728b)  -> (artifact id: '74239401c1a273c956097330591905f5') in 0.014827 seconds 
  Import took 0.016456 seconds .

========================================================================
Received Import Request.
  Time since last request: 0.000225 seconds.
  path: Assets/Matt
  artifactKey: Guid(4d1e9689a262add4ea40d417274bbf61) Importer(815301076,1909f56bfc062723c751e8b465ee728b)
Start importing Assets/Matt using Guid(4d1e9689a262add4ea40d417274bbf61) Importer(815301076,1909f56bfc062723c751e8b465ee728b)  -> (artifact id: 'c25a4f8957dd49840080d19a0d45b052') in 0.012621 seconds 
  Import took 0.013709 seconds .

========================================================================
Received Import Request.
  Time since last request: 0.000173 seconds.
  path: Assets/Matt/4.5_NEW_NAV.prefab
  artifactKey: Guid(271962b57be51ae47b3b7b5650e5c50a) Importer(815301076,1909f56bfc062723c751e8b465ee728b)
Start importing Assets/Matt/4.5_NEW_NAV.prefab using Guid(271962b57be51ae47b3b7b5650e5c50a) Importer(815301076,1909f56bfc062723c751e8b465ee728b)  -> (artifact id: '62aa4cfd85f3c6c7c3720122b50cf9c9') in 0.013923 seconds 
  Import took 0.015177 seconds .

========================================================================
Received Import Request.
  Time since last request: 1060.906893 seconds.
  path: Assets/Matt/INSTANTIATE.prefab
  artifactKey: Guid(f93ff1b87ac04c240a5ee8a6588199d3) Importer(815301076,1909f56bfc062723c751e8b465ee728b)
Start importing Assets/Matt/INSTANTIATE.prefab using Guid(f93ff1b87ac04c240a5ee8a6588199d3) Importer(815301076,1909f56bfc062723c751e8b465ee728b)  -> (artifact id: '1e5f88f55aaa0391e1960d01510fd588') in 0.604847 seconds 
  Import took 0.620169 seconds .

========================================================================
Received Import Request.
  Time since last request: 99.096843 seconds.
  path: Assets/Models/4.4/4.5_NEW_NAV.fbx
  artifactKey: Guid(056e4263beb781a41bc35fd450722167) Importer(815301076,1909f56bfc062723c751e8b465ee728b)
Start importing Assets/Models/4.4/4.5_NEW_NAV.fbx using Guid(056e4263beb781a41bc35fd450722167) Importer(815301076,1909f56bfc062723c751e8b465ee728b)  -> (artifact id: '8cfcda9a07f5a768f5b773740123c13f') in 0.096451 seconds 
  Import took 0.098706 seconds .

========================================================================
Received Import Request.
  Time since last request: 0.000294 seconds.
  path: Assets/Models/4.4/4.5_WALK_2.fbx
  artifactKey: Guid(60b6d81f98cbe7f4e89b2ee7fe3d823d) Importer(815301076,1909f56bfc062723c751e8b465ee728b)
Start importing Assets/Models/4.4/4.5_WALK_2.fbx using Guid(60b6d81f98cbe7f4e89b2ee7fe3d823d) Importer(815301076,1909f56bfc062723c751e8b465ee728b)  -> (artifact id: '3afe3fd6eb0a0dd73ff40e85d591cf41') in 0.058832 seconds 
  Import took 0.060573 seconds .

========================================================================
Received Import Request.
  Time since last request: 384.852593 seconds.
  path: Assets/Models/4.4_mesh_noC1.fbx
  artifactKey: Guid(faf212314210dc04badb1f48df5410a4) Importer(815301076,1909f56bfc062723c751e8b465ee728b)
Start importing Assets/Models/4.4_mesh_noC1.fbx using Guid(faf212314210dc04badb1f48df5410a4) Importer(815301076,1909f56bfc062723c751e8b465ee728b)  -> (artifact id: '3efb66184548baaa0b8e438e800f56e0') in 1.020156 seconds 
  Import took 1.052573 seconds .

========================================================================
Received Import Request.
  Time since last request: 0.000318 seconds.
  path: Assets/Models/Arrival Shuttle.prefab
  artifactKey: Guid(ed71dca15b34b5943920ce354e89bdbd) Importer(815301076,1909f56bfc062723c751e8b465ee728b)
Start importing Assets/Models/Arrival Shuttle.prefab using Guid(ed71dca15b34b5943920ce354e89bdbd) Importer(815301076,1909f56bfc062723c751e8b465ee728b)  -> (artifact id: '8ef58ba5cb23432a17a5f01a5f10223f') in 0.041296 seconds 
  Import took 0.044168 seconds .

========================================================================
Received Import Request.
  Time since last request: 0.000258 seconds.
  path: Assets/Models/Arrival Shuttle.fbx
  artifactKey: Guid(cda288ae8a5e7804e8c5cfbdbda15f2c) Importer(815301076,1909f56bfc062723c751e8b465ee728b)
Start importing Assets/Models/Arrival Shuttle.fbx using Guid(cda288ae8a5e7804e8c5cfbdbda15f2c) Importer(815301076,1909f56bfc062723c751e8b465ee728b)  -> (artifact id: 'bb263983b50b3f5f8cc031bad7bce9e6') in 0.329853 seconds 
  Import took 0.332512 seconds .

========================================================================
Received Import Request.
  Time since last request: 0.000309 seconds.
  path: Assets/Models/BUS.fbx
  artifactKey: Guid(bde16bf8825bc404abf684d92fe779e4) Importer(815301076,1909f56bfc062723c751e8b465ee728b)
Start importing Assets/Models/BUS.fbx using Guid(bde16bf8825bc404abf684d92fe779e4) Importer(815301076,1909f56bfc062723c751e8b465ee728b)  -> (artifact id: 'c034e8712dc90bb137ccd83b3d164ced') in 0.075304 seconds 
  Import took 0.077436 seconds .

========================================================================
Received Import Request.
  Time since last request: 0.000247 seconds.
  path: Assets/Models/Shuttle.fbx
  artifactKey: Guid(a9f18e885af290744b89bf60bc513f85) Importer(815301076,1909f56bfc062723c751e8b465ee728b)
Start importing Assets/Models/Shuttle.fbx using Guid(a9f18e885af290744b89bf60bc513f85) Importer(815301076,1909f56bfc062723c751e8b465ee728b)  -> (artifact id: '39957915de7b1c25feea26d45076af42') in 0.070731 seconds 
  Import took 0.072696 seconds .

========================================================================
Received Import Request.
  Time since last request: 0.000242 seconds.
  path: Assets/Models/arrival_strip.JPG
  artifactKey: Guid(f5d234e313a49374d9aeb804856a9150) Importer(815301076,1909f56bfc062723c751e8b465ee728b)
Start importing Assets/Models/arrival_strip.JPG using Guid(f5d234e313a49374d9aeb804856a9150) Importer(815301076,1909f56bfc062723c751e8b465ee728b)  -> (artifact id: '4cadead873bcb7f43eaaafbd6b56ad85') in 0.033422 seconds 
  Import took 0.035668 seconds .

========================================================================
Received Import Request.
  Time since last request: 0.000216 seconds.
  path: Assets/Models/UBER.fbx
  artifactKey: Guid(741012a57ffca824fb7f2d714df2c2e1) Importer(815301076,1909f56bfc062723c751e8b465ee728b)
Start importing Assets/Models/UBER.fbx using Guid(741012a57ffca824fb7f2d714df2c2e1) Importer(815301076,1909f56bfc062723c751e8b465ee728b)  -> (artifact id: 'eb547a770ec176cc0048f430f98bebed') in 0.070701 seconds 
  Import took 0.072943 seconds .

========================================================================
Received Import Request.
  Time since last request: 5.346710 seconds.
  path: Assets/Models/4.4
  artifactKey: Guid(09d256d6e5e886240a80e1ef5dd1591e) Importer(815301076,1909f56bfc062723c751e8b465ee728b)
Start importing Assets/Models/4.4 using Guid(09d256d6e5e886240a80e1ef5dd1591e) Importer(815301076,1909f56bfc062723c751e8b465ee728b)  -> (artifact id: '9dff843323a29f5ef626bf303f8285e6') in 0.018211 seconds 
  Import took 0.020359 seconds .

========================================================================
Received Import Request.
  Time since last request: 628.433252 seconds.
  path: Assets/kjhsadgf.mat
  artifactKey: Guid(b5c0715c2292b9741aa14801bfaeef84) Importer(815301076,1909f56bfc062723c751e8b465ee728b)
Start importing Assets/kjhsadgf.mat using Guid(b5c0715c2292b9741aa14801bfaeef84) Importer(815301076,1909f56bfc062723c751e8b465ee728b)  -> (artifact id: 'e08a1ca419d797b379cba46649ee833e') in 0.035292 seconds 
  Import took 0.037884 seconds .

========================================================================
Received Import Request.
  Time since last request: 10.320867 seconds.
  path: Assets
  artifactKey: Guid(00000000000000001000000000000000) Importer(815301076,1909f56bfc062723c751e8b465ee728b)
Start importing Assets using Guid(00000000000000001000000000000000) Importer(815301076,1909f56bfc062723c751e8b465ee728b)  -> (artifact id: '42d402b061de3733987d63b9cc3b64de') in 0.017021 seconds 
  Import took 0.019155 seconds .

========================================================================
Received Import Request.
  Time since last request: 5.258594 seconds.
  path: Assets/New Flare.flare
  artifactKey: Guid(061f650628be35b46be55e4bfba1d3e3) Importer(815301076,1909f56bfc062723c751e8b465ee728b)
Start importing Assets/New Flare.flare using Guid(061f650628be35b46be55e4bfba1d3e3) Importer(815301076,1909f56bfc062723c751e8b465ee728b)  -> (artifact id: '49de8ede0f7e8506edb870e2daa87f5b') in 0.017182 seconds 
  Import took 0.019572 seconds .

========================================================================
Received Import Request.
  Time since last request: 10.536466 seconds.
  path: Assets/New Material.mat
  artifactKey: Guid(0b4154cc1b3f1d243b272b93b6dc0d32) Importer(815301076,1909f56bfc062723c751e8b465ee728b)
Start importing Assets/New Material.mat using Guid(0b4154cc1b3f1d243b272b93b6dc0d32) Importer(815301076,1909f56bfc062723c751e8b465ee728b)  -> (artifact id: 'f23d83e7f96adf88d4832f5ccd3abe7d') in 0.034367 seconds 
  Import took 0.036745 seconds .

========================================================================
Received Import Request.
  Time since last request: 274.323703 seconds.
  path: ProjectSettings/TagManager.asset
  artifactKey: Guid(00000000000000003000000000000000) Importer(815301076,1909f56bfc062723c751e8b465ee728b)
Start importing ProjectSettings/TagManager.asset using Guid(00000000000000003000000000000000) Importer(815301076,1909f56bfc062723c751e8b465ee728b)  -> (artifact id: 'ce6a35c3cddc746e7501c0bd0ed6d4ce') in 0.018897 seconds 
  Import took 0.021057 seconds .

========================================================================
Received Import Request.
  Time since last request: 75.423079 seconds.
  path: Assets/Scripts/NavMeshSurface.cs
  artifactKey: Guid(8cac6fa071ce996489f960eabdbd5d71) Importer(815301076,1909f56bfc062723c751e8b465ee728b)
Start importing Assets/Scripts/NavMeshSurface.cs using Guid(8cac6fa071ce996489f960eabdbd5d71) Importer(815301076,1909f56bfc062723c751e8b465ee728b)  -> (artifact id: '572ba60f14155933d6474034042bb2ff') in 0.018583 seconds 
  Import took 0.020691 seconds .

========================================================================
Received Import Request.
  Time since last request: 0.004849 seconds.
  path: Assets/Scripts/NavMeshSurface.cs
  artifactKey: Guid(8cac6fa071ce996489f960eabdbd5d71) Importer(815301076,1909f56bfc062723c751e8b465ee728b)
Start importing Assets/Scripts/NavMeshSurface.cs using Guid(8cac6fa071ce996489f960eabdbd5d71) Importer(815301076,1909f56bfc062723c751e8b465ee728b)  -> (artifact id: '572ba60f14155933d6474034042bb2ff') in 0.012894 seconds 
  Import took 0.014469 seconds .

========================================================================
Received Import Request.
  Time since last request: 191.990133 seconds.
  path: Assets/Scripts/NavMeshComponents
  artifactKey: Guid(a37e01759d707be488e0c4c3db7e3fce) Importer(815301076,1909f56bfc062723c751e8b465ee728b)
Start importing Assets/Scripts/NavMeshComponents using Guid(a37e01759d707be488e0c4c3db7e3fce) Importer(815301076,1909f56bfc062723c751e8b465ee728b)  -> (artifact id: '74dc4e086f0268cda6c9bd8d815fabfd') in 0.017467 seconds 
  Import took 0.019613 seconds .

========================================================================
Received Import Request.
  Time since last request: 1.326511 seconds.
  path: Assets/Scripts/NavMeshComponents/Scripts
  artifactKey: Guid(c9c7e81690c2f4643874adba20c554f1) Importer(815301076,1909f56bfc062723c751e8b465ee728b)
Start importing Assets/Scripts/NavMeshComponents/Scripts using Guid(c9c7e81690c2f4643874adba20c554f1) Importer(815301076,1909f56bfc062723c751e8b465ee728b)  -> (artifact id: '77e2488effdc5ccef168dff474bb8094') in 0.017218 seconds 
  Import took 0.019380 seconds .

========================================================================
Received Import Request.
  Time since last request: 14.973435 seconds.
  path: Assets/Scripts/NavMeshComponents/Scripts/Avoidance.cs
  artifactKey: Guid(02b80ec47102a764982740cfc7cb59fe) Importer(815301076,1909f56bfc062723c751e8b465ee728b)
Start importing Assets/Scripts/NavMeshComponents/Scripts/Avoidance.cs using Guid(02b80ec47102a764982740cfc7cb59fe) Importer(815301076,1909f56bfc062723c751e8b465ee728b)  -> (artifact id: '927ce9e7ff996a23b624ca2332efe921') in 0.018767 seconds 
  Import took 0.021068 seconds .

========================================================================
Received Import Request.
  Time since last request: 58.708256 seconds.
  path: Assets/Scripts/Avoidance.cs
  artifactKey: Guid(c475afae00ceb3c4086d528fae30d218) Importer(815301076,1909f56bfc062723c751e8b465ee728b)
Start importing Assets/Scripts/Avoidance.cs using Guid(c475afae00ceb3c4086d528fae30d218) Importer(815301076,1909f56bfc062723c751e8b465ee728b)  -> (artifact id: '189c5c71de14ad2f4c743eff5cc8a212') in 0.014306 seconds 
  Import took 0.016761 seconds .

========================================================================
Received Import Request.
  Time since last request: 31.749102 seconds.
  path: Assets/Scripts/TutorialScripts
  artifactKey: Guid(8808c89ad25406d4aa95dbc06bdaf8af) Importer(815301076,1909f56bfc062723c751e8b465ee728b)
Start importing Assets/Scripts/TutorialScripts using Guid(8808c89ad25406d4aa95dbc06bdaf8af) Importer(815301076,1909f56bfc062723c751e8b465ee728b)  -> (artifact id: '9b9bd0f39e7e9b64d3b333aae038e2a9') in 0.017476 seconds 
  Import took 0.019830 seconds .

========================================================================
Received Import Request.
  Time since last request: 33.410500 seconds.
  path: Assets/Scripts/SwitchCameras.cs
  artifactKey: Guid(cf8fc1cf55d1d5043882a649c912212d) Importer(815301076,1909f56bfc062723c751e8b465ee728b)
Start importing Assets/Scripts/SwitchCameras.cs using Guid(cf8fc1cf55d1d5043882a649c912212d) Importer(815301076,1909f56bfc062723c751e8b465ee728b)  -> (artifact id: '6a4cff9f89844be872439e2dc8753b22') in 0.016985 seconds 
  Import took 0.019239 seconds .

========================================================================
Received Prepare
Registering precompiled user dll's ...
Registered in 0.001343 seconds.
Begin MonoManager ReloadAssembly
Native extension for WindowsStandalone target not found
Refreshing native plugins compatible for Editor in 0.35 ms, found 2 plugins.
Preloading 0 native plugins for Editor in 0.00 ms.
Mono: successfully reloaded assembly
- Completed reload, in  0.619 seconds
Domain Reload Profiling:
	ReloadAssembly (620ms)
		BeginReloadAssembly (95ms)
			ExecutionOrderSort (0ms)
			DisableScriptedObjects (3ms)
			BackupInstance (0ms)
			ReleaseScriptingObjects (0ms)
			CreateAndSetChildDomain (29ms)
		EndReloadAssembly (484ms)
			LoadAssemblies (56ms)
			RebuildTransferFunctionScriptingTraits (0ms)
			SetupTypeCache (159ms)
			ReleaseScriptCaches (1ms)
			RebuildScriptCaches (22ms)
			SetupLoadedEditorAssemblies (191ms)
				LogAssemblyErrors (0ms)
				InitializePlatformSupportModulesInManaged (4ms)
				SetLoadedEditorAssemblies (0ms)
				RefreshPlugins (0ms)
				BeforeProcessingInitializeOnLoad (47ms)
				ProcessInitializeOnLoadAttributes (131ms)
				ProcessInitializeOnLoadMethodAttributes (3ms)
				AfterProcessingInitializeOnLoad (5ms)
				EditorAssembliesLoaded (0ms)
			ExecutionOrderSort2 (0ms)
			AwakeInstancesAfterBackupRestoration (4ms)
Platform modules already initialized, skipping
Refreshing native plugins compatible for Editor in 0.31 ms, found 2 plugins.
Preloading 0 native plugins for Editor in 0.00 ms.
Unloading 1416 Unused Serialized files (Serialized files now loaded: 0)
System memory in use before: 72.6 MB.
System memory in use after: 72.7 MB.

Unloading 12 unused Assets to reduce memory usage. Loaded Objects now: 1906.
Total: 2.570400 ms (FindLiveObjects: 0.170900 ms CreateObjectMapping: 0.036000 ms MarkObjects: 2.345600 ms  DeleteObjects: 0.017100 ms)

AssetImportParameters requested are different than current active one (requested -> active):
  custom:framework-win-MediaFoundation: 216162199b28c13a410421893ffa2e32 -> 
  custom:video-decoder-ogg-theora: a1e56fd34408186e4bbccfd4996cb3dc -> 
  custom:container-muxer-webm: aa71ff27fc2769a1b78a27578f13a17b -> 
  custom:container-demuxer-webm: 4f35f7cbe854078d1ac9338744f61a02 -> 
  custom:container-demuxer-ogg: 62fdf1f143b41e24485cea50d1cbac27 -> 
  custom:video-encoder-webm-vp8: eb34c28f22e8b96e1ab97ce403110664 -> 
  custom:video-codec-MediaFoundation-h265: e54d7ab0439102e2317fc1e4b246158d -> 
  custom:video-decoder-webm-vp8: 9c59270c3fd7afecdb556c50c9e8de78 -> 
  custom:audio-decoder-ogg-vorbis: bf7c407c2cedff20999df2af8eb42d56 -> 
  custom:audio-encoder-webm-vorbis: bf7c407c2cedff20999df2af8eb42d56 -> 
========================================================================
Received Import Request.
  Time since last request: 225.238907 seconds.
  path: Assets/Models/4.4/BUS.prefab
  artifactKey: Guid(315e53e0ba7481d48ba979f45813079e) Importer(815301076,1909f56bfc062723c751e8b465ee728b)
Start importing Assets/Models/4.4/BUS.prefab using Guid(315e53e0ba7481d48ba979f45813079e) Importer(815301076,1909f56bfc062723c751e8b465ee728b)  -> (artifact id: '67646e91f335ee4d98395c2beedf649c') in 0.028837 seconds 
  Import took 0.031216 seconds .

========================================================================
Received Prepare
Registering precompiled user dll's ...
Registered in 0.001404 seconds.
Begin MonoManager ReloadAssembly
Native extension for WindowsStandalone target not found
Refreshing native plugins compatible for Editor in 0.35 ms, found 2 plugins.
Preloading 0 native plugins for Editor in 0.00 ms.
Mono: successfully reloaded assembly
- Completed reload, in  0.614 seconds
Domain Reload Profiling:
	ReloadAssembly (614ms)
		BeginReloadAssembly (90ms)
			ExecutionOrderSort (0ms)
			DisableScriptedObjects (3ms)
			BackupInstance (0ms)
			ReleaseScriptingObjects (0ms)
			CreateAndSetChildDomain (29ms)
		EndReloadAssembly (483ms)
			LoadAssemblies (56ms)
			RebuildTransferFunctionScriptingTraits (0ms)
			SetupTypeCache (163ms)
			ReleaseScriptCaches (1ms)
			RebuildScriptCaches (23ms)
			SetupLoadedEditorAssemblies (186ms)
				LogAssemblyErrors (0ms)
				InitializePlatformSupportModulesInManaged (3ms)
				SetLoadedEditorAssemblies (0ms)
				RefreshPlugins (0ms)
				BeforeProcessingInitializeOnLoad (47ms)
				ProcessInitializeOnLoadAttributes (127ms)
				ProcessInitializeOnLoadMethodAttributes (3ms)
				AfterProcessingInitializeOnLoad (5ms)
				EditorAssembliesLoaded (0ms)
			ExecutionOrderSort2 (0ms)
			AwakeInstancesAfterBackupRestoration (4ms)
Platform modules already initialized, skipping
Refreshing native plugins compatible for Editor in 0.19 ms, found 2 plugins.
Preloading 0 native plugins for Editor in 0.00 ms.
Unloading 1416 Unused Serialized files (Serialized files now loaded: 0)
System memory in use before: 72.7 MB.
System memory in use after: 72.8 MB.

Unloading 11 unused Assets to reduce memory usage. Loaded Objects now: 1908.
Total: 2.291100 ms (FindLiveObjects: 0.163800 ms CreateObjectMapping: 0.033500 ms MarkObjects: 2.080300 ms  DeleteObjects: 0.012800 ms)

AssetImportParameters requested are different than current active one (requested -> active):
  custom:framework-win-MediaFoundation: 216162199b28c13a410421893ffa2e32 -> 
  custom:video-decoder-ogg-theora: a1e56fd34408186e4bbccfd4996cb3dc -> 
  custom:container-muxer-webm: aa71ff27fc2769a1b78a27578f13a17b -> 
  custom:container-demuxer-webm: 4f35f7cbe854078d1ac9338744f61a02 -> 
  custom:container-demuxer-ogg: 62fdf1f143b41e24485cea50d1cbac27 -> 
  custom:video-encoder-webm-vp8: eb34c28f22e8b96e1ab97ce403110664 -> 
  custom:video-codec-MediaFoundation-h265: e54d7ab0439102e2317fc1e4b246158d -> 
  custom:video-decoder-webm-vp8: 9c59270c3fd7afecdb556c50c9e8de78 -> 
  custom:audio-decoder-ogg-vorbis: bf7c407c2cedff20999df2af8eb42d56 -> 
  custom:audio-encoder-webm-vorbis: bf7c407c2cedff20999df2af8eb42d56 -> 
========================================================================
Received Prepare
Registering precompiled user dll's ...
Registered in 0.001323 seconds.
Begin MonoManager ReloadAssembly
Native extension for WindowsStandalone target not found
Refreshing native plugins compatible for Editor in 0.35 ms, found 2 plugins.
Preloading 0 native plugins for Editor in 0.00 ms.
Mono: successfully reloaded assembly
- Completed reload, in  0.612 seconds
Domain Reload Profiling:
	ReloadAssembly (612ms)
		BeginReloadAssembly (84ms)
			ExecutionOrderSort (0ms)
			DisableScriptedObjects (3ms)
			BackupInstance (0ms)
			ReleaseScriptingObjects (0ms)
			CreateAndSetChildDomain (28ms)
		EndReloadAssembly (488ms)
			LoadAssemblies (55ms)
			RebuildTransferFunctionScriptingTraits (0ms)
			SetupTypeCache (163ms)
			ReleaseScriptCaches (1ms)
			RebuildScriptCaches (25ms)
			SetupLoadedEditorAssemblies (189ms)
				LogAssemblyErrors (0ms)
				InitializePlatformSupportModulesInManaged (3ms)
				SetLoadedEditorAssemblies (0ms)
				RefreshPlugins (0ms)
				BeforeProcessingInitializeOnLoad (49ms)
				ProcessInitializeOnLoadAttributes (128ms)
				ProcessInitializeOnLoadMethodAttributes (3ms)
				AfterProcessingInitializeOnLoad (5ms)
				EditorAssembliesLoaded (0ms)
			ExecutionOrderSort2 (0ms)
			AwakeInstancesAfterBackupRestoration (4ms)
Platform modules already initialized, skipping
Refreshing native plugins compatible for Editor in 0.31 ms, found 2 plugins.
Preloading 0 native plugins for Editor in 0.00 ms.
Unloading 1416 Unused Serialized files (Serialized files now loaded: 0)
System memory in use before: 72.7 MB.
System memory in use after: 72.8 MB.

Unloading 11 unused Assets to reduce memory usage. Loaded Objects now: 1910.
Total: 2.224400 ms (FindLiveObjects: 0.127300 ms CreateObjectMapping: 0.027400 ms MarkObjects: 2.057100 ms  DeleteObjects: 0.011900 ms)

AssetImportParameters requested are different than current active one (requested -> active):
  custom:framework-win-MediaFoundation: 216162199b28c13a410421893ffa2e32 -> 
  custom:video-decoder-ogg-theora: a1e56fd34408186e4bbccfd4996cb3dc -> 
  custom:container-muxer-webm: aa71ff27fc2769a1b78a27578f13a17b -> 
  custom:container-demuxer-webm: 4f35f7cbe854078d1ac9338744f61a02 -> 
  custom:container-demuxer-ogg: 62fdf1f143b41e24485cea50d1cbac27 -> 
  custom:video-encoder-webm-vp8: eb34c28f22e8b96e1ab97ce403110664 -> 
  custom:video-codec-MediaFoundation-h265: e54d7ab0439102e2317fc1e4b246158d -> 
  custom:video-decoder-webm-vp8: 9c59270c3fd7afecdb556c50c9e8de78 -> 
  custom:audio-decoder-ogg-vorbis: bf7c407c2cedff20999df2af8eb42d56 -> 
  custom:audio-encoder-webm-vorbis: bf7c407c2cedff20999df2af8eb42d56 -> 
========================================================================
Received Import Request.
  Time since last request: 474.866912 seconds.
  path: Assets/Models/4.4_concrete.fbx
  artifactKey: Guid(89daa65b44f9039449e1098d5391cda1) Importer(815301076,1909f56bfc062723c751e8b465ee728b)
Start importing Assets/Models/4.4_concrete.fbx using Guid(89daa65b44f9039449e1098d5391cda1) Importer(815301076,1909f56bfc062723c751e8b465ee728b)  -> (artifact id: '03c949b2eeb3169100ce2900087fb522') in 0.095002 seconds 
  Import took 0.097502 seconds .

========================================================================
Received Prepare
Registering precompiled user dll's ...
Registered in 0.001443 seconds.
Begin MonoManager ReloadAssembly
Native extension for WindowsStandalone target not found
Refreshing native plugins compatible for Editor in 0.40 ms, found 2 plugins.
Preloading 0 native plugins for Editor in 0.00 ms.
Mono: successfully reloaded assembly
- Completed reload, in  0.606 seconds
Domain Reload Profiling:
	ReloadAssembly (606ms)
		BeginReloadAssembly (93ms)
			ExecutionOrderSort (0ms)
			DisableScriptedObjects (3ms)
			BackupInstance (0ms)
			ReleaseScriptingObjects (0ms)
			CreateAndSetChildDomain (29ms)
		EndReloadAssembly (473ms)
			LoadAssemblies (55ms)
			RebuildTransferFunctionScriptingTraits (0ms)
			SetupTypeCache (156ms)
			ReleaseScriptCaches (1ms)
			RebuildScriptCaches (23ms)
			SetupLoadedEditorAssemblies (185ms)
				LogAssemblyErrors (0ms)
				InitializePlatformSupportModulesInManaged (3ms)
				SetLoadedEditorAssemblies (0ms)
				RefreshPlugins (0ms)
				BeforeProcessingInitializeOnLoad (47ms)
				ProcessInitializeOnLoadAttributes (126ms)
				ProcessInitializeOnLoadMethodAttributes (3ms)
				AfterProcessingInitializeOnLoad (5ms)
				EditorAssembliesLoaded (0ms)
			ExecutionOrderSort2 (0ms)
			AwakeInstancesAfterBackupRestoration (4ms)
Platform modules already initialized, skipping
Refreshing native plugins compatible for Editor in 0.32 ms, found 2 plugins.
Preloading 0 native plugins for Editor in 0.00 ms.
Unloading 1416 Unused Serialized files (Serialized files now loaded: 0)
System memory in use before: 72.7 MB.
System memory in use after: 72.8 MB.

Unloading 11 unused Assets to reduce memory usage. Loaded Objects now: 1913.
Total: 2.465800 ms (FindLiveObjects: 0.156800 ms CreateObjectMapping: 0.033800 ms MarkObjects: 2.262000 ms  DeleteObjects: 0.012700 ms)

AssetImportParameters requested are different than current active one (requested -> active):
  custom:framework-win-MediaFoundation: 216162199b28c13a410421893ffa2e32 -> 
  custom:video-decoder-ogg-theora: a1e56fd34408186e4bbccfd4996cb3dc -> 
  custom:container-muxer-webm: aa71ff27fc2769a1b78a27578f13a17b -> 
  custom:container-demuxer-webm: 4f35f7cbe854078d1ac9338744f61a02 -> 
  custom:container-demuxer-ogg: 62fdf1f143b41e24485cea50d1cbac27 -> 
  custom:video-encoder-webm-vp8: eb34c28f22e8b96e1ab97ce403110664 -> 
  custom:video-codec-MediaFoundation-h265: e54d7ab0439102e2317fc1e4b246158d -> 
  custom:video-decoder-webm-vp8: 9c59270c3fd7afecdb556c50c9e8de78 -> 
  custom:audio-decoder-ogg-vorbis: bf7c407c2cedff20999df2af8eb42d56 -> 
  custom:audio-encoder-webm-vorbis: bf7c407c2cedff20999df2af8eb42d56 -> 
